This is pdfTeX, Version 3.14159265-2.6-1.40.16 (MiKTeX 2.9) (preloaded format=pdflatex 2017.9.25)  5 DEC 2017 14:40
entering extended mode
**./presentacion.tex
(presentacion.tex
LaTeX2e <2015/10/01> patch level 2
Babel <3.9n> and hyphenation patterns for 69 languages loaded.

("C:\Users\LuisOlaya\AppData\Local\Programs\MiKTeX 2.9\tex\latex\beamer\beamer.
cls"
Document Class: beamer 2017/08/22 v3.43 A class for typesetting presentations

("C:\Users\LuisOlaya\AppData\Local\Programs\MiKTeX 2.9\tex\latex\beamer\beamerb
asemodes.sty"
("C:\Users\LuisOlaya\AppData\Local\Programs\MiKTeX 2.9\tex\latex\etoolbox\etool
box.sty"
Package: etoolbox 2017/01/02 v2.4 e-TeX tools for LaTeX (JAW)
\etb@tempcnta=\count79
)
\beamer@tempbox=\box26
\beamer@tempcount=\count80
\c@beamerpauses=\count81

("C:\Users\LuisOlaya\AppData\Local\Programs\MiKTeX 2.9\tex\latex\beamer\beamerb
asedecode.sty"
\beamer@slideinframe=\count82
\beamer@minimum=\count83
)
\beamer@commentbox=\box27
\beamer@modecount=\count84
)
("C:\Users\LuisOlaya\AppData\Local\Programs\MiKTeX 2.9\tex\generic\oberdiek\ifp
df.sty"
Package: ifpdf 2011/01/30 v2.3 Provides the ifpdf switch (HO)
Package ifpdf Info: pdfTeX in PDF mode is detected.
)
\headdp=\dimen102
\footheight=\dimen103
\sidebarheight=\dimen104
\beamer@tempdim=\dimen105
\beamer@finalheight=\dimen106
\beamer@animht=\dimen107
\beamer@animdp=\dimen108
\beamer@animwd=\dimen109
\beamer@leftmargin=\dimen110
\beamer@rightmargin=\dimen111
\beamer@leftsidebar=\dimen112
\beamer@rightsidebar=\dimen113
\beamer@boxsize=\dimen114
\beamer@vboxoffset=\dimen115
\beamer@descdefault=\dimen116
\beamer@descriptionwidth=\dimen117
\beamer@lastskip=\skip41
\beamer@areabox=\box28
\beamer@animcurrent=\box29
\beamer@animshowbox=\box30
\beamer@sectionbox=\box31
\beamer@logobox=\box32
\beamer@linebox=\box33
\beamer@sectioncount=\count85
\beamer@subsubsectionmax=\count86
\beamer@subsectionmax=\count87
\beamer@sectionmax=\count88
\beamer@totalheads=\count89
\beamer@headcounter=\count90
\beamer@partstartpage=\count91
\beamer@sectionstartpage=\count92
\beamer@subsectionstartpage=\count93
\beamer@animationtempa=\count94
\beamer@animationtempb=\count95
\beamer@xpos=\count96
\beamer@ypos=\count97
\beamer@showpartnumber=\count98
\beamer@currentsubsection=\count99
\beamer@coveringdepth=\count100
\beamer@sectionadjust=\count101
\beamer@tocsectionnumber=\count102

("C:\Users\LuisOlaya\AppData\Local\Programs\MiKTeX 2.9\tex\latex\beamer\beamerb
aseoptions.sty"
("C:\Users\LuisOlaya\AppData\Local\Programs\MiKTeX 2.9\tex\latex\graphics\keyva
l.sty"
Package: keyval 2014/10/28 v1.15 key=value parser (DPC)
\KV@toks@=\toks14
))
\beamer@paperwidth=\skip42
\beamer@paperheight=\skip43

("C:\Users\LuisOlaya\AppData\Local\Programs\MiKTeX 2.9\tex\latex\geometry\geome
try.sty"
Package: geometry 2010/09/12 v5.6 Page Geometry

("C:\Users\LuisOlaya\AppData\Local\Programs\MiKTeX 2.9\tex\generic\oberdiek\ifv
tex.sty"
Package: ifvtex 2010/03/01 v1.5 Detect VTeX and its facilities (HO)
Package ifvtex Info: VTeX not detected.
)
("C:\Users\LuisOlaya\AppData\Local\Programs\MiKTeX 2.9\tex\generic\ifxetex\ifxe
tex.sty"
Package: ifxetex 2010/09/12 v0.6 Provides ifxetex conditional
)
\Gm@cnth=\count103
\Gm@cntv=\count104
\c@Gm@tempcnt=\count105
\Gm@bindingoffset=\dimen118
\Gm@wd@mp=\dimen119
\Gm@odd@mp=\dimen120
\Gm@even@mp=\dimen121
\Gm@layoutwidth=\dimen122
\Gm@layoutheight=\dimen123
\Gm@layouthoffset=\dimen124
\Gm@layoutvoffset=\dimen125
\Gm@dimlist=\toks15

("C:\Users\LuisOlaya\AppData\Local\Programs\MiKTeX 2.9\tex\latex\geometry\geome
try.cfg"))
("C:\Users\LuisOlaya\AppData\Local\Programs\MiKTeX 2.9\tex\latex\base\size11.cl
o"
File: size11.clo 2014/09/29 v1.4h Standard LaTeX file (size option)
)
("C:\Users\LuisOlaya\AppData\Local\Programs\MiKTeX 2.9\tex\latex\pgf\basiclayer
\pgfcore.sty"
("C:\Users\LuisOlaya\AppData\Local\Programs\MiKTeX 2.9\tex\latex\graphics\graph
icx.sty"
Package: graphicx 2014/10/28 v1.0g Enhanced LaTeX Graphics (DPC,SPQR)

("C:\Users\LuisOlaya\AppData\Local\Programs\MiKTeX 2.9\tex\latex\graphics\graph
ics.sty"
Package: graphics 2014/10/28 v1.0p Standard LaTeX Graphics (DPC,SPQR)

("C:\Users\LuisOlaya\AppData\Local\Programs\MiKTeX 2.9\tex\latex\graphics\trig.
sty"
Package: trig 1999/03/16 v1.09 sin cos tan (DPC)
)
("C:\Users\LuisOlaya\AppData\Local\Programs\MiKTeX 2.9\tex\latex\00miktex\graph
ics.cfg"
File: graphics.cfg 2007/01/18 v1.5 graphics configuration of teTeX/TeXLive
)
Package graphics Info: Driver file: pdftex.def on input line 94.

("C:\Users\LuisOlaya\AppData\Local\Programs\MiKTeX 2.9\tex\latex\pdftex-def\pdf
tex.def"
File: pdftex.def 2011/05/27 v0.06d Graphics/color for pdfTeX

("C:\Users\LuisOlaya\AppData\Local\Programs\MiKTeX 2.9\tex\generic\oberdiek\inf
warerr.sty"
Package: infwarerr 2010/04/08 v1.3 Providing info/warning/error messages (HO)
)
("C:\Users\LuisOlaya\AppData\Local\Programs\MiKTeX 2.9\tex\generic\oberdiek\ltx
cmds.sty"
Package: ltxcmds 2011/11/09 v1.22 LaTeX kernel commands for general use (HO)
)
\Gread@gobject=\count106
))
\Gin@req@height=\dimen126
\Gin@req@width=\dimen127
)
("C:\Users\LuisOlaya\AppData\Local\Programs\MiKTeX 2.9\tex\latex\pgf\systemlaye
r\pgfsys.sty"
("C:\Users\LuisOlaya\AppData\Local\Programs\MiKTeX 2.9\tex\latex\pgf\utilities\
pgfrcs.sty"
("C:\Users\LuisOlaya\AppData\Local\Programs\MiKTeX 2.9\tex\generic\pgf\utilitie
s\pgfutil-common.tex"
\pgfutil@everybye=\toks16
\pgfutil@tempdima=\dimen128
\pgfutil@tempdimb=\dimen129

("C:\Users\LuisOlaya\AppData\Local\Programs\MiKTeX 2.9\tex\generic\pgf\utilitie
s\pgfutil-common-lists.tex"))
("C:\Users\LuisOlaya\AppData\Local\Programs\MiKTeX 2.9\tex\generic\pgf\utilitie
s\pgfutil-latex.def"
\pgfutil@abb=\box34

("C:\Users\LuisOlaya\AppData\Local\Programs\MiKTeX 2.9\tex\latex\ms\everyshi.st
y"
Package: everyshi 2001/05/15 v3.00 EveryShipout Package (MS)
))
("C:\Users\LuisOlaya\AppData\Local\Programs\MiKTeX 2.9\tex\generic\pgf\utilitie
s\pgfrcs.code.tex"
Package: pgfrcs 2015/08/07 v3.0.1a (rcs-revision 1.31)
))
("C:\Users\LuisOlaya\AppData\Local\Programs\MiKTeX 2.9\tex\generic\pgf\systemla
yer\pgfsys.code.tex"
Package: pgfsys 2014/07/09 v3.0.1a (rcs-revision 1.48)

("C:\Users\LuisOlaya\AppData\Local\Programs\MiKTeX 2.9\tex\generic\pgf\utilitie
s\pgfkeys.code.tex"
\pgfkeys@pathtoks=\toks17
\pgfkeys@temptoks=\toks18

("C:\Users\LuisOlaya\AppData\Local\Programs\MiKTeX 2.9\tex\generic\pgf\utilitie
s\pgfkeysfiltered.code.tex"
\pgfkeys@tmptoks=\toks19
))
\pgf@x=\dimen130
\pgf@y=\dimen131
\pgf@xa=\dimen132
\pgf@ya=\dimen133
\pgf@xb=\dimen134
\pgf@yb=\dimen135
\pgf@xc=\dimen136
\pgf@yc=\dimen137
\w@pgf@writea=\write3
\r@pgf@reada=\read1
\c@pgf@counta=\count107
\c@pgf@countb=\count108
\c@pgf@countc=\count109
\c@pgf@countd=\count110
\t@pgf@toka=\toks20
\t@pgf@tokb=\toks21
\t@pgf@tokc=\toks22

("C:\Users\LuisOlaya\AppData\Local\Programs\MiKTeX 2.9\tex\generic\pgf\systemla
yer\pgf.cfg"
File: pgf.cfg 2008/05/14  (rcs-revision 1.7)
)
Driver file for pgf: pgfsys-pdftex.def

("C:\Users\LuisOlaya\AppData\Local\Programs\MiKTeX 2.9\tex\generic\pgf\systemla
yer\pgfsys-pdftex.def"
File: pgfsys-pdftex.def 2014/10/11  (rcs-revision 1.35)

("C:\Users\LuisOlaya\AppData\Local\Programs\MiKTeX 2.9\tex\generic\pgf\systemla
yer\pgfsys-common-pdf.def"
File: pgfsys-common-pdf.def 2013/10/10  (rcs-revision 1.13)
)))
("C:\Users\LuisOlaya\AppData\Local\Programs\MiKTeX 2.9\tex\generic\pgf\systemla
yer\pgfsyssoftpath.code.tex"
File: pgfsyssoftpath.code.tex 2013/09/09  (rcs-revision 1.9)
\pgfsyssoftpath@smallbuffer@items=\count111
\pgfsyssoftpath@bigbuffer@items=\count112
)
("C:\Users\LuisOlaya\AppData\Local\Programs\MiKTeX 2.9\tex\generic\pgf\systemla
yer\pgfsysprotocol.code.tex"
File: pgfsysprotocol.code.tex 2006/10/16  (rcs-revision 1.4)
))
("C:\Users\LuisOlaya\AppData\Local\Programs\MiKTeX 2.9\tex\latex\xcolor\xcolor.
sty"
Package: xcolor 2016/05/11 v2.12 LaTeX color extensions (UK)

("C:\Users\LuisOlaya\AppData\Local\Programs\MiKTeX 2.9\tex\latex\00miktex\color
.cfg"
File: color.cfg 2007/01/18 v1.5 color configuration of teTeX/TeXLive
)
Package xcolor Info: Driver file: pdftex.def on input line 225.
Package xcolor Info: Model `cmy' substituted by `cmy0' on input line 1348.
Package xcolor Info: Model `hsb' substituted by `rgb' on input line 1352.
Package xcolor Info: Model `RGB' extended on input line 1364.
Package xcolor Info: Model `HTML' substituted by `rgb' on input line 1366.
Package xcolor Info: Model `Hsb' substituted by `hsb' on input line 1367.
Package xcolor Info: Model `tHsb' substituted by `hsb' on input line 1368.
Package xcolor Info: Model `HSB' substituted by `hsb' on input line 1369.
Package xcolor Info: Model `Gray' substituted by `gray' on input line 1370.
Package xcolor Info: Model `wave' substituted by `hsb' on input line 1371.
)
("C:\Users\LuisOlaya\AppData\Local\Programs\MiKTeX 2.9\tex\generic\pgf\basiclay
er\pgfcore.code.tex"
Package: pgfcore 2010/04/11 v3.0.1a (rcs-revision 1.7)

("C:\Users\LuisOlaya\AppData\Local\Programs\MiKTeX 2.9\tex\generic\pgf\math\pgf
math.code.tex"
("C:\Users\LuisOlaya\AppData\Local\Programs\MiKTeX 2.9\tex\generic\pgf\math\pgf
mathcalc.code.tex"
("C:\Users\LuisOlaya\AppData\Local\Programs\MiKTeX 2.9\tex\generic\pgf\math\pgf
mathutil.code.tex")
("C:\Users\LuisOlaya\AppData\Local\Programs\MiKTeX 2.9\tex\generic\pgf\math\pgf
mathparser.code.tex"
\pgfmath@dimen=\dimen138
\pgfmath@count=\count113
\pgfmath@box=\box35
\pgfmath@toks=\toks23
\pgfmath@stack@operand=\toks24
\pgfmath@stack@operation=\toks25
)
("C:\Users\LuisOlaya\AppData\Local\Programs\MiKTeX 2.9\tex\generic\pgf\math\pgf
mathfunctions.code.tex"
("C:\Users\LuisOlaya\AppData\Local\Programs\MiKTeX 2.9\tex\generic\pgf\math\pgf
mathfunctions.basic.code.tex")
("C:\Users\LuisOlaya\AppData\Local\Programs\MiKTeX 2.9\tex\generic\pgf\math\pgf
mathfunctions.trigonometric.code.tex")
("C:\Users\LuisOlaya\AppData\Local\Programs\MiKTeX 2.9\tex\generic\pgf\math\pgf
mathfunctions.random.code.tex")
("C:\Users\LuisOlaya\AppData\Local\Programs\MiKTeX 2.9\tex\generic\pgf\math\pgf
mathfunctions.comparison.code.tex")
("C:\Users\LuisOlaya\AppData\Local\Programs\MiKTeX 2.9\tex\generic\pgf\math\pgf
mathfunctions.base.code.tex")
("C:\Users\LuisOlaya\AppData\Local\Programs\MiKTeX 2.9\tex\generic\pgf\math\pgf
mathfunctions.round.code.tex")
("C:\Users\LuisOlaya\AppData\Local\Programs\MiKTeX 2.9\tex\generic\pgf\math\pgf
mathfunctions.misc.code.tex")
("C:\Users\LuisOlaya\AppData\Local\Programs\MiKTeX 2.9\tex\generic\pgf\math\pgf
mathfunctions.integerarithmetics.code.tex")))
("C:\Users\LuisOlaya\AppData\Local\Programs\MiKTeX 2.9\tex\generic\pgf\math\pgf
mathfloat.code.tex"
\c@pgfmathroundto@lastzeros=\count114
))
("C:\Users\LuisOlaya\AppData\Local\Programs\MiKTeX 2.9\tex\generic\pgf\basiclay
er\pgfcorepoints.code.tex"
File: pgfcorepoints.code.tex 2013/10/07  (rcs-revision 1.27)
\pgf@picminx=\dimen139
\pgf@picmaxx=\dimen140
\pgf@picminy=\dimen141
\pgf@picmaxy=\dimen142
\pgf@pathminx=\dimen143
\pgf@pathmaxx=\dimen144
\pgf@pathminy=\dimen145
\pgf@pathmaxy=\dimen146
\pgf@xx=\dimen147
\pgf@xy=\dimen148
\pgf@yx=\dimen149
\pgf@yy=\dimen150
\pgf@zx=\dimen151
\pgf@zy=\dimen152
)
("C:\Users\LuisOlaya\AppData\Local\Programs\MiKTeX 2.9\tex\generic\pgf\basiclay
er\pgfcorepathconstruct.code.tex"
File: pgfcorepathconstruct.code.tex 2013/10/07  (rcs-revision 1.29)
\pgf@path@lastx=\dimen153
\pgf@path@lasty=\dimen154
)
("C:\Users\LuisOlaya\AppData\Local\Programs\MiKTeX 2.9\tex\generic\pgf\basiclay
er\pgfcorepathusage.code.tex"
File: pgfcorepathusage.code.tex 2014/11/02  (rcs-revision 1.24)
\pgf@shorten@end@additional=\dimen155
\pgf@shorten@start@additional=\dimen156
)
("C:\Users\LuisOlaya\AppData\Local\Programs\MiKTeX 2.9\tex\generic\pgf\basiclay
er\pgfcorescopes.code.tex"
File: pgfcorescopes.code.tex 2015/05/08  (rcs-revision 1.46)
\pgfpic=\box36
\pgf@hbox=\box37
\pgf@layerbox@main=\box38
\pgf@picture@serial@count=\count115
)
("C:\Users\LuisOlaya\AppData\Local\Programs\MiKTeX 2.9\tex\generic\pgf\basiclay
er\pgfcoregraphicstate.code.tex"
File: pgfcoregraphicstate.code.tex 2014/11/02  (rcs-revision 1.12)
\pgflinewidth=\dimen157
)
("C:\Users\LuisOlaya\AppData\Local\Programs\MiKTeX 2.9\tex\generic\pgf\basiclay
er\pgfcoretransformations.code.tex"
File: pgfcoretransformations.code.tex 2015/08/07  (rcs-revision 1.20)
\pgf@pt@x=\dimen158
\pgf@pt@y=\dimen159
\pgf@pt@temp=\dimen160
)
("C:\Users\LuisOlaya\AppData\Local\Programs\MiKTeX 2.9\tex\generic\pgf\basiclay
er\pgfcorequick.code.tex"
File: pgfcorequick.code.tex 2008/10/09  (rcs-revision 1.3)
)
("C:\Users\LuisOlaya\AppData\Local\Programs\MiKTeX 2.9\tex\generic\pgf\basiclay
er\pgfcoreobjects.code.tex"
File: pgfcoreobjects.code.tex 2006/10/11  (rcs-revision 1.2)
)
("C:\Users\LuisOlaya\AppData\Local\Programs\MiKTeX 2.9\tex\generic\pgf\basiclay
er\pgfcorepathprocessing.code.tex"
File: pgfcorepathprocessing.code.tex 2013/09/09  (rcs-revision 1.9)
)
("C:\Users\LuisOlaya\AppData\Local\Programs\MiKTeX 2.9\tex\generic\pgf\basiclay
er\pgfcorearrows.code.tex"
File: pgfcorearrows.code.tex 2015/05/14  (rcs-revision 1.43)
\pgfarrowsep=\dimen161
)
("C:\Users\LuisOlaya\AppData\Local\Programs\MiKTeX 2.9\tex\generic\pgf\basiclay
er\pgfcoreshade.code.tex"
File: pgfcoreshade.code.tex 2013/07/15  (rcs-revision 1.15)
\pgf@max=\dimen162
\pgf@sys@shading@range@num=\count116
)
("C:\Users\LuisOlaya\AppData\Local\Programs\MiKTeX 2.9\tex\generic\pgf\basiclay
er\pgfcoreimage.code.tex"
File: pgfcoreimage.code.tex 2013/07/15  (rcs-revision 1.18)

("C:\Users\LuisOlaya\AppData\Local\Programs\MiKTeX 2.9\tex\generic\pgf\basiclay
er\pgfcoreexternal.code.tex"
File: pgfcoreexternal.code.tex 2014/07/09  (rcs-revision 1.21)
\pgfexternal@startupbox=\box39
))
("C:\Users\LuisOlaya\AppData\Local\Programs\MiKTeX 2.9\tex\generic\pgf\basiclay
er\pgfcorelayers.code.tex"
File: pgfcorelayers.code.tex 2013/07/18  (rcs-revision 1.7)
)
("C:\Users\LuisOlaya\AppData\Local\Programs\MiKTeX 2.9\tex\generic\pgf\basiclay
er\pgfcoretransparency.code.tex"
File: pgfcoretransparency.code.tex 2013/09/30  (rcs-revision 1.5)
)
("C:\Users\LuisOlaya\AppData\Local\Programs\MiKTeX 2.9\tex\generic\pgf\basiclay
er\pgfcorepatterns.code.tex"
File: pgfcorepatterns.code.tex 2013/11/07  (rcs-revision 1.5)
)))
("C:\Users\LuisOlaya\AppData\Local\Programs\MiKTeX 2.9\tex\latex\pgf\utilities\
xxcolor.sty"
Package: xxcolor 2003/10/24 ver 0.1
\XC@nummixins=\count117
\XC@countmixins=\count118
)
("C:\Users\LuisOlaya\AppData\Local\Programs\MiKTeX 2.9\tex\generic\oberdiek\atb
egshi.sty"
Package: atbegshi 2011/10/05 v1.16 At begin shipout hook (HO)
)
("C:\Users\LuisOlaya\AppData\Local\Programs\MiKTeX 2.9\tex\latex\hyperref\hyper
ref.sty"
Package: hyperref 2012/11/06 v6.83m Hypertext links for LaTeX

("C:\Users\LuisOlaya\AppData\Local\Programs\MiKTeX 2.9\tex\generic\oberdiek\hob
sub-hyperref.sty"
Package: hobsub-hyperref 2012/04/25 v1.12 Bundle oberdiek, subset hyperref (HO)


("C:\Users\LuisOlaya\AppData\Local\Programs\MiKTeX 2.9\tex\generic\oberdiek\hob
sub-generic.sty"
Package: hobsub-generic 2012/04/25 v1.12 Bundle oberdiek, subset generic (HO)
Package: hobsub 2012/04/25 v1.12 Construct package bundles (HO)
Package hobsub Info: Skipping package `infwarerr' (already loaded).
Package hobsub Info: Skipping package `ltxcmds' (already loaded).
Package: ifluatex 2010/03/01 v1.3 Provides the ifluatex switch (HO)
Package ifluatex Info: LuaTeX not detected.
Package hobsub Info: Skipping package `ifvtex' (already loaded).
Package: intcalc 2007/09/27 v1.1 Expandable calculations with integers (HO)
Package hobsub Info: Skipping package `ifpdf' (already loaded).
Package: etexcmds 2011/02/16 v1.5 Avoid name clashes with e-TeX commands (HO)
Package etexcmds Info: Could not find \expanded.
(etexcmds)             That can mean that you are not using pdfTeX 1.50 or
(etexcmds)             that some package has redefined \expanded.
(etexcmds)             In the latter case, load this package earlier.
Package: kvsetkeys 2012/04/25 v1.16 Key value parser (HO)
Package: kvdefinekeys 2011/04/07 v1.3 Define keys (HO)
Package: pdftexcmds 2011/11/29 v0.20 Utility functions of pdfTeX for LuaTeX (HO
)
Package pdftexcmds Info: LuaTeX not detected.
Package pdftexcmds Info: \pdf@primitive is available.
Package pdftexcmds Info: \pdf@ifprimitive is available.
Package pdftexcmds Info: \pdfdraftmode found.
Package: pdfescape 2011/11/25 v1.13 Implements pdfTeX's escape features (HO)
Package: bigintcalc 2012/04/08 v1.3 Expandable calculations on big integers (HO
)
Package: bitset 2011/01/30 v1.1 Handle bit-vector datatype (HO)
Package: uniquecounter 2011/01/30 v1.2 Provide unlimited unique counter (HO)
)
Package hobsub Info: Skipping package `hobsub' (already loaded).
Package: letltxmacro 2010/09/02 v1.4 Let assignment for LaTeX macros (HO)
Package: hopatch 2011/06/24 v1.1 Wrapper for package hooks (HO)
Package: xcolor-patch 2011/01/30 xcolor patch
Package: atveryend 2011/06/30 v1.8 Hooks at the very end of document (HO)
Package hobsub Info: Skipping package `atbegshi' (already loaded).
Package: refcount 2011/10/16 v3.4 Data extraction from label references (HO)
Package: hycolor 2011/01/30 v1.7 Color options for hyperref/bookmark (HO)
)
("C:\Users\LuisOlaya\AppData\Local\Programs\MiKTeX 2.9\tex\latex\oberdiek\auxho
ok.sty"
Package: auxhook 2011/03/04 v1.3 Hooks for auxiliary files (HO)
)
("C:\Users\LuisOlaya\AppData\Local\Programs\MiKTeX 2.9\tex\latex\oberdiek\kvopt
ions.sty"
Package: kvoptions 2011/06/30 v3.11 Key value format for package options (HO)
)
\@linkdim=\dimen163
\Hy@linkcounter=\count119
\Hy@pagecounter=\count120

("C:\Users\LuisOlaya\AppData\Local\Programs\MiKTeX 2.9\tex\latex\hyperref\pd1en
c.def"
File: pd1enc.def 2012/11/06 v6.83m Hyperref: PDFDocEncoding definition (HO)
)
\Hy@SavedSpaceFactor=\count121

("C:\Users\LuisOlaya\AppData\Local\Programs\MiKTeX 2.9\tex\latex\00miktex\hyper
ref.cfg"
File: hyperref.cfg 2002/06/06 v1.2 hyperref configuration of TeXLive
)
Package hyperref Info: Option `bookmarks' set `true' on input line 4319.
Package hyperref Info: Option `bookmarksopen' set `true' on input line 4319.
Package hyperref Info: Option `implicit' set `false' on input line 4319.
Package hyperref Info: Hyper figures OFF on input line 4443.
Package hyperref Info: Link nesting OFF on input line 4448.
Package hyperref Info: Hyper index ON on input line 4451.
Package hyperref Info: Plain pages OFF on input line 4458.
Package hyperref Info: Backreferencing OFF on input line 4463.
Package hyperref Info: Implicit mode OFF; no redefinition of LaTeX internals.
Package hyperref Info: Bookmarks ON on input line 4688.
\c@Hy@tempcnt=\count122

("C:\Users\LuisOlaya\AppData\Local\Programs\MiKTeX 2.9\tex\latex\url\url.sty"
\Urlmuskip=\muskip10
Package: url 2013/09/16  ver 3.4  Verb mode for urls, etc.
)
LaTeX Info: Redefining \url on input line 5041.
\XeTeXLinkMargin=\dimen164
\Fld@menulength=\count123
\Field@Width=\dimen165
\Fld@charsize=\dimen166
Package hyperref Info: Hyper figures OFF on input line 6295.
Package hyperref Info: Link nesting OFF on input line 6300.
Package hyperref Info: Hyper index ON on input line 6303.
Package hyperref Info: backreferencing OFF on input line 6310.
Package hyperref Info: Link coloring OFF on input line 6315.
Package hyperref Info: Link coloring with OCG OFF on input line 6320.
Package hyperref Info: PDF/A mode OFF on input line 6325.
LaTeX Info: Redefining \ref on input line 6365.
LaTeX Info: Redefining \pageref on input line 6369.
\Hy@abspage=\count124


Package hyperref Message: Stopped early.

)

Package hyperref Message: Driver (autodetected): hpdftex.


("C:\Users\LuisOlaya\AppData\Local\Programs\MiKTeX 2.9\tex\latex\hyperref\hpdft
ex.def"
File: hpdftex.def 2012/11/06 v6.83m Hyperref driver for pdfTeX
\Fld@listcount=\count125
\c@bookmark@seq@number=\count126

("C:\Users\LuisOlaya\AppData\Local\Programs\MiKTeX 2.9\tex\latex\oberdiek\rerun
filecheck.sty"
Package: rerunfilecheck 2011/04/15 v1.7 Rerun checks for auxiliary files (HO)
Package uniquecounter Info: New unique counter `rerunfilecheck' on input line 2
82.
))
("C:\Users\LuisOlaya\AppData\Local\Programs\MiKTeX 2.9\tex\latex\beamer\beamerb
aserequires.sty"
("C:\Users\LuisOlaya\AppData\Local\Programs\MiKTeX 2.9\tex\latex\beamer\beamerb
asecompatibility.sty")
("C:\Users\LuisOlaya\AppData\Local\Programs\MiKTeX 2.9\tex\latex\beamer\beamerb
asefont.sty"
("C:\Users\LuisOlaya\AppData\Local\Programs\MiKTeX 2.9\tex\latex\amsfonts\amssy
mb.sty"
Package: amssymb 2013/01/14 v3.01 AMS font symbols

("C:\Users\LuisOlaya\AppData\Local\Programs\MiKTeX 2.9\tex\latex\amsfonts\amsfo
nts.sty"
Package: amsfonts 2013/01/14 v3.01 Basic AMSFonts support
\@emptytoks=\toks26
\symAMSa=\mathgroup4
\symAMSb=\mathgroup5
LaTeX Font Info:    Overwriting math alphabet `\mathfrak' in version `bold'
(Font)                  U/euf/m/n --> U/euf/b/n on input line 106.
))
("C:\Users\LuisOlaya\AppData\Local\Programs\MiKTeX 2.9\tex\latex\sansmathaccent
\sansmathaccent.sty"
Package: sansmathaccent 2013/03/28

("C:\Users\LuisOlaya\AppData\Local\Programs\MiKTeX 2.9\tex\latex\filehook\fileh
ook.sty"
Package: filehook 2011/10/12 v0.5d Hooks for input files
)))
("C:\Users\LuisOlaya\AppData\Local\Programs\MiKTeX 2.9\tex\latex\beamer\beamerb
asetranslator.sty"
("C:\Users\LuisOlaya\AppData\Local\Programs\MiKTeX 2.9\tex\latex\beamer\transla
tor\translator.sty"
Package: translator 2010/06/12 ver 1.10

("C:\Users\LuisOlaya\AppData\Local\Programs\MiKTeX 2.9\tex\latex\beamer\transla
tor\translator-language-mappings.tex")))
("C:\Users\LuisOlaya\AppData\Local\Programs\MiKTeX 2.9\tex\latex\beamer\beamerb
asemisc.sty")
("C:\Users\LuisOlaya\AppData\Local\Programs\MiKTeX 2.9\tex\latex\beamer\beamerb
asetwoscreens.sty")
("C:\Users\LuisOlaya\AppData\Local\Programs\MiKTeX 2.9\tex\latex\beamer\beamerb
aseoverlay.sty"
\beamer@argscount=\count127
\beamer@lastskipcover=\skip44
\beamer@trivlistdepth=\count128
)
("C:\Users\LuisOlaya\AppData\Local\Programs\MiKTeX 2.9\tex\latex\beamer\beamerb
asetitle.sty")
("C:\Users\LuisOlaya\AppData\Local\Programs\MiKTeX 2.9\tex\latex\beamer\beamerb
asesection.sty"
\c@lecture=\count129
\c@part=\count130
\c@section=\count131
\c@subsection=\count132
\c@subsubsection=\count133
)
("C:\Users\LuisOlaya\AppData\Local\Programs\MiKTeX 2.9\tex\latex\beamer\beamerb
aseframe.sty"
\beamer@framebox=\box40
\beamer@frametitlebox=\box41
\beamer@zoombox=\box42
\beamer@zoomcount=\count134
\beamer@zoomframecount=\count135
\beamer@frametextheight=\dimen167
\c@subsectionslide=\count136
\beamer@frametopskip=\skip45
\beamer@framebottomskip=\skip46
\beamer@frametopskipautobreak=\skip47
\beamer@framebottomskipautobreak=\skip48
\beamer@envbody=\toks27
\framewidth=\dimen168
\c@framenumber=\count137
)
("C:\Users\LuisOlaya\AppData\Local\Programs\MiKTeX 2.9\tex\latex\beamer\beamerb
aseverbatim.sty"
\beamer@verbatimfileout=\write4
)
("C:\Users\LuisOlaya\AppData\Local\Programs\MiKTeX 2.9\tex\latex\beamer\beamerb
aseframesize.sty"
\beamer@splitbox=\box43
\beamer@autobreakcount=\count138
\beamer@autobreaklastheight=\dimen169
\beamer@frametitletoks=\toks28
\beamer@framesubtitletoks=\toks29
)
("C:\Users\LuisOlaya\AppData\Local\Programs\MiKTeX 2.9\tex\latex\beamer\beamerb
aseframecomponents.sty"
\beamer@footins=\box44
)
("C:\Users\LuisOlaya\AppData\Local\Programs\MiKTeX 2.9\tex\latex\beamer\beamerb
asecolor.sty"
\beamer@bg@ht=\dimen170
\beamer@bg@wd=\dimen171
\beamer@bg@dp=\dimen172
)
("C:\Users\LuisOlaya\AppData\Local\Programs\MiKTeX 2.9\tex\latex\beamer\beamerb
asenotes.sty"
\beamer@frameboxcopy=\box45
)
("C:\Users\LuisOlaya\AppData\Local\Programs\MiKTeX 2.9\tex\latex\beamer\beamerb
asetoc.sty")
("C:\Users\LuisOlaya\AppData\Local\Programs\MiKTeX 2.9\tex\latex\beamer\beamerb
asetemplates.sty"
\beamer@sbttoks=\toks30

("C:\Users\LuisOlaya\AppData\Local\Programs\MiKTeX 2.9\tex\latex\beamer\beamerb
aseauxtemplates.sty"
("C:\Users\LuisOlaya\AppData\Local\Programs\MiKTeX 2.9\tex\latex\beamer\beamerb
aseboxes.sty"
\bmb@box=\box46
\bmb@colorbox=\box47
\bmb@boxshadow=\box48
\bmb@boxshadowball=\box49
\bmb@boxshadowballlarge=\box50
\bmb@temp=\dimen173
\bmb@dima=\dimen174
\bmb@dimb=\dimen175
\bmb@prevheight=\dimen176
)
\beamer@blockheadheight=\dimen177
))
("C:\Users\LuisOlaya\AppData\Local\Programs\MiKTeX 2.9\tex\latex\beamer\beamerb
aselocalstructure.sty"
("C:\Users\LuisOlaya\AppData\Local\Programs\MiKTeX 2.9\tex\latex\tools\enumerat
e.sty"
Package: enumerate 2015/07/23 v3.00 enumerate extensions (DPC)
\@enLab=\toks31
)
\c@figure=\count139
\c@table=\count140
\abovecaptionskip=\skip49
\belowcaptionskip=\skip50
)
("C:\Users\LuisOlaya\AppData\Local\Programs\MiKTeX 2.9\tex\latex\beamer\beamerb
asenavigation.sty"
\beamer@section@min@dim=\dimen178
)
("C:\Users\LuisOlaya\AppData\Local\Programs\MiKTeX 2.9\tex\latex\beamer\beamerb
asetheorems.sty"
("C:\Users\LuisOlaya\AppData\Local\Programs\MiKTeX 2.9\tex\latex\amsmath\amsmat
h.sty"
Package: amsmath 2013/01/14 v2.14 AMS math features
\@mathmargin=\skip51

For additional information on amsmath, use the `?' option.

("C:\Users\LuisOlaya\AppData\Local\Programs\MiKTeX 2.9\tex\latex\amsmath\amstex
t.sty"
Package: amstext 2000/06/29 v2.01

("C:\Users\LuisOlaya\AppData\Local\Programs\MiKTeX 2.9\tex\latex\amsmath\amsgen
.sty"
File: amsgen.sty 1999/11/30 v2.0
\@emptytoks=\toks32
\ex@=\dimen179
))
("C:\Users\LuisOlaya\AppData\Local\Programs\MiKTeX 2.9\tex\latex\amsmath\amsbsy
.sty"
Package: amsbsy 1999/11/29 v1.2d
\pmbraise@=\dimen180
)
("C:\Users\LuisOlaya\AppData\Local\Programs\MiKTeX 2.9\tex\latex\amsmath\amsopn
.sty"
Package: amsopn 1999/12/14 v2.01 operator names
)
\inf@bad=\count141
LaTeX Info: Redefining \frac on input line 210.
\uproot@=\count142
\leftroot@=\count143
LaTeX Info: Redefining \overline on input line 306.
\classnum@=\count144
\DOTSCASE@=\count145
LaTeX Info: Redefining \ldots on input line 378.
LaTeX Info: Redefining \dots on input line 381.
LaTeX Info: Redefining \cdots on input line 466.
\Mathstrutbox@=\box51
\strutbox@=\box52
\big@size=\dimen181
LaTeX Font Info:    Redeclaring font encoding OML on input line 566.
LaTeX Font Info:    Redeclaring font encoding OMS on input line 567.
\macc@depth=\count146
\c@MaxMatrixCols=\count147
\dotsspace@=\muskip11
\c@parentequation=\count148
\dspbrk@lvl=\count149
\tag@help=\toks33
\row@=\count150
\column@=\count151
\maxfields@=\count152
\andhelp@=\toks34
\eqnshift@=\dimen182
\alignsep@=\dimen183
\tagshift@=\dimen184
\tagwidth@=\dimen185
\totwidth@=\dimen186
\lineht@=\dimen187
\@envbody=\toks35
\multlinegap=\skip52
\multlinetaggap=\skip53
\mathdisplay@stack=\toks36
LaTeX Info: Redefining \[ on input line 2665.
LaTeX Info: Redefining \] on input line 2666.
)
("C:\Users\LuisOlaya\AppData\Local\Programs\MiKTeX 2.9\tex\latex\amscls\amsthm.
sty"
Package: amsthm 2015/03/04 v2.20.2
\thm@style=\toks37
\thm@bodyfont=\toks38
\thm@headfont=\toks39
\thm@notefont=\toks40
\thm@headpunct=\toks41
\thm@preskip=\skip54
\thm@postskip=\skip55
\thm@headsep=\skip56
\dth@everypar=\toks42
)
\c@theorem=\count153
)
("C:\Users\LuisOlaya\AppData\Local\Programs\MiKTeX 2.9\tex\latex\beamer\beamerb
asethemes.sty"))
("C:\Users\LuisOlaya\AppData\Local\Programs\MiKTeX 2.9\tex\latex\beamer\themes\
theme\beamerthemedefault.sty"
("C:\Users\LuisOlaya\AppData\Local\Programs\MiKTeX 2.9\tex\latex\beamer\themes\
font\beamerfontthemedefault.sty")
("C:\Users\LuisOlaya\AppData\Local\Programs\MiKTeX 2.9\tex\latex\beamer\themes\
color\beamercolorthemedefault.sty")
("C:\Users\LuisOlaya\AppData\Local\Programs\MiKTeX 2.9\tex\latex\beamer\themes\
inner\beamerinnerthemedefault.sty"
\beamer@dima=\dimen188
\beamer@dimb=\dimen189
)
("C:\Users\LuisOlaya\AppData\Local\Programs\MiKTeX 2.9\tex\latex\beamer\themes\
outer\beamerouterthemedefault.sty")))
("C:\Users\LuisOlaya\AppData\Local\Programs\MiKTeX 2.9\tex\latex\beamer\themes\
theme\beamerthemeCambridgeUS.sty"
("C:\Users\LuisOlaya\AppData\Local\Programs\MiKTeX 2.9\tex\latex\beamer\themes\
inner\beamerinnerthemerounded.sty")
("C:\Users\LuisOlaya\AppData\Local\Programs\MiKTeX 2.9\tex\latex\beamer\themes\
outer\beamerouterthemeinfolines.sty")
("C:\Users\LuisOlaya\AppData\Local\Programs\MiKTeX 2.9\tex\latex\beamer\themes\
color\beamercolorthemebeaver.sty"))
("C:\Users\LuisOlaya\AppData\Local\Programs\MiKTeX 2.9\tex\latex\beamer\themes\
color\beamercolorthemedolphin.sty")
("C:\Users\LuisOlaya\AppData\Local\Programs\MiKTeX 2.9\tex\latex\booktabs\bookt
abs.sty"
Package: booktabs 2005/04/14 v1.61803 publication quality tables
\heavyrulewidth=\dimen190
\lightrulewidth=\dimen191
\cmidrulewidth=\dimen192
\belowrulesep=\dimen193
\belowbottomsep=\dimen194
\aboverulesep=\dimen195
\abovetopsep=\dimen196
\cmidrulesep=\dimen197
\cmidrulekern=\dimen198
\defaultaddspace=\dimen199
\@cmidla=\count154
\@cmidlb=\count155
\@aboverulesep=\dimen256
\@belowrulesep=\dimen257
\@thisruleclass=\count156
\@lastruleclass=\count157
\@thisrulewidth=\dimen258
)
("C:\Users\LuisOlaya\AppData\Local\Programs\MiKTeX 2.9\tex\latex\ms\ragged2e.st
y"
Package: ragged2e 2009/05/21 v2.1 ragged2e Package (MS)

("C:\Users\LuisOlaya\AppData\Local\Programs\MiKTeX 2.9\tex\latex\ms\everysel.st
y"
Package: everysel 2011/10/28 v1.2 EverySelectfont Package (MS)
)
\CenteringLeftskip=\skip57
\RaggedLeftLeftskip=\skip58
\RaggedRightLeftskip=\skip59
\CenteringRightskip=\skip60
\RaggedLeftRightskip=\skip61
\RaggedRightRightskip=\skip62
\CenteringParfillskip=\skip63
\RaggedLeftParfillskip=\skip64
\RaggedRightParfillskip=\skip65
\JustifyingParfillskip=\skip66
\CenteringParindent=\skip67
\RaggedLeftParindent=\skip68
\RaggedRightParindent=\skip69
\JustifyingParindent=\skip70
)
("C:\Users\LuisOlaya\AppData\Local\Programs\MiKTeX 2.9\tex\generic\babel\babel.
sty"
Package: babel 2016/01/08 3.9n The Babel package

*************************************
* Local config file bblopts.cfg used
*

("C:\Users\LuisOlaya\AppData\Local\Programs\MiKTeX 2.9\tex\latex\00miktex\bblop
ts.cfg"
File: bblopts.cfg 2006/07/31 v1.0 MiKTeX 'babel' configuration
)
("C:\Users\LuisOlaya\AppData\Local\Programs\MiKTeX 2.9\tex\latex\babel-spanish\
spanish.ldf"
Language: spanish.ldf 2016/01/15 v5.0o Spanish support from the babel system

("C:\Users\LuisOlaya\AppData\Local\Programs\MiKTeX 2.9\tex\generic\babel\babel.
def"
File: babel.def 2016/01/08 3.9n Babel common definitions
\babel@savecnt=\count158
\U@D=\dimen259
LaTeX Info: Redefining \textlatin on input line 1438.
)
\es@quottoks=\toks43
\es@quotdepth=\count159
Package babel Info: Making " an active character on input line 533.
Package babel Info: Making . an active character on input line 634.
Package babel Info: Making < an active character on input line 679.
Package babel Info: Making > an active character on input line 679.
))
("C:\Users\LuisOlaya\AppData\Local\Programs\MiKTeX 2.9\tex\latex\base\inputenc.
sty"
Package: inputenc 2015/03/17 v1.2c Input encoding file
\inpenc@prehook=\toks44
\inpenc@posthook=\toks45

("C:\Users\LuisOlaya\AppData\Local\Programs\MiKTeX 2.9\tex\latex\base\utf8.def"
File: utf8.def 2015/09/07 v1.1p UTF-8 support for inputenc
Now handling font encoding OML ...
... no UTF-8 mapping file for font encoding OML
Now handling font encoding T1 ...
... processing UTF-8 mapping file for font encoding T1
("C:\Users\LuisOlaya\AppData\Local\Programs\MiKTeX 2.9\tex\latex\base\t1enc.dfu
"
File: t1enc.dfu 2015/09/07 v1.1p UTF-8 support for inputenc
   defining Unicode char U+00A0 (decimal 160)
   defining Unicode char U+00A1 (decimal 161)
   defining Unicode char U+00A3 (decimal 163)
   defining Unicode char U+00AB (decimal 171)
   defining Unicode char U+00AD (decimal 173)
   defining Unicode char U+00BB (decimal 187)
   defining Unicode char U+00BF (decimal 191)
   defining Unicode char U+00C0 (decimal 192)
   defining Unicode char U+00C1 (decimal 193)
   defining Unicode char U+00C2 (decimal 194)
   defining Unicode char U+00C3 (decimal 195)
   defining Unicode char U+00C4 (decimal 196)
   defining Unicode char U+00C5 (decimal 197)
   defining Unicode char U+00C6 (decimal 198)
   defining Unicode char U+00C7 (decimal 199)
   defining Unicode char U+00C8 (decimal 200)
   defining Unicode char U+00C9 (decimal 201)
   defining Unicode char U+00CA (decimal 202)
   defining Unicode char U+00CB (decimal 203)
   defining Unicode char U+00CC (decimal 204)
   defining Unicode char U+00CD (decimal 205)
   defining Unicode char U+00CE (decimal 206)
   defining Unicode char U+00CF (decimal 207)
   defining Unicode char U+00D0 (decimal 208)
   defining Unicode char U+00D1 (decimal 209)
   defining Unicode char U+00D2 (decimal 210)
   defining Unicode char U+00D3 (decimal 211)
   defining Unicode char U+00D4 (decimal 212)
   defining Unicode char U+00D5 (decimal 213)
   defining Unicode char U+00D6 (decimal 214)
   defining Unicode char U+00D8 (decimal 216)
   defining Unicode char U+00D9 (decimal 217)
   defining Unicode char U+00DA (decimal 218)
   defining Unicode char U+00DB (decimal 219)
   defining Unicode char U+00DC (decimal 220)
   defining Unicode char U+00DD (decimal 221)
   defining Unicode char U+00DE (decimal 222)
   defining Unicode char U+00DF (decimal 223)
   defining Unicode char U+00E0 (decimal 224)
   defining Unicode char U+00E1 (decimal 225)
   defining Unicode char U+00E2 (decimal 226)
   defining Unicode char U+00E3 (decimal 227)
   defining Unicode char U+00E4 (decimal 228)
   defining Unicode char U+00E5 (decimal 229)
   defining Unicode char U+00E6 (decimal 230)
   defining Unicode char U+00E7 (decimal 231)
   defining Unicode char U+00E8 (decimal 232)
   defining Unicode char U+00E9 (decimal 233)
   defining Unicode char U+00EA (decimal 234)
   defining Unicode char U+00EB (decimal 235)
   defining Unicode char U+00EC (decimal 236)
   defining Unicode char U+00ED (decimal 237)
   defining Unicode char U+00EE (decimal 238)
   defining Unicode char U+00EF (decimal 239)
   defining Unicode char U+00F0 (decimal 240)
   defining Unicode char U+00F1 (decimal 241)
   defining Unicode char U+00F2 (decimal 242)
   defining Unicode char U+00F3 (decimal 243)
   defining Unicode char U+00F4 (decimal 244)
   defining Unicode char U+00F5 (decimal 245)
   defining Unicode char U+00F6 (decimal 246)
   defining Unicode char U+00F8 (decimal 248)
   defining Unicode char U+00F9 (decimal 249)
   defining Unicode char U+00FA (decimal 250)
   defining Unicode char U+00FB (decimal 251)
   defining Unicode char U+00FC (decimal 252)
   defining Unicode char U+00FD (decimal 253)
   defining Unicode char U+00FE (decimal 254)
   defining Unicode char U+00FF (decimal 255)
   defining Unicode char U+0102 (decimal 258)
   defining Unicode char U+0103 (decimal 259)
   defining Unicode char U+0104 (decimal 260)
   defining Unicode char U+0105 (decimal 261)
   defining Unicode char U+0106 (decimal 262)
   defining Unicode char U+0107 (decimal 263)
   defining Unicode char U+010C (decimal 268)
   defining Unicode char U+010D (decimal 269)
   defining Unicode char U+010E (decimal 270)
   defining Unicode char U+010F (decimal 271)
   defining Unicode char U+0110 (decimal 272)
   defining Unicode char U+0111 (decimal 273)
   defining Unicode char U+0118 (decimal 280)
   defining Unicode char U+0119 (decimal 281)
   defining Unicode char U+011A (decimal 282)
   defining Unicode char U+011B (decimal 283)
   defining Unicode char U+011E (decimal 286)
   defining Unicode char U+011F (decimal 287)
   defining Unicode char U+0130 (decimal 304)
   defining Unicode char U+0131 (decimal 305)
   defining Unicode char U+0132 (decimal 306)
   defining Unicode char U+0133 (decimal 307)
   defining Unicode char U+0139 (decimal 313)
   defining Unicode char U+013A (decimal 314)
   defining Unicode char U+013D (decimal 317)
   defining Unicode char U+013E (decimal 318)
   defining Unicode char U+0141 (decimal 321)
   defining Unicode char U+0142 (decimal 322)
   defining Unicode char U+0143 (decimal 323)
   defining Unicode char U+0144 (decimal 324)
   defining Unicode char U+0147 (decimal 327)
   defining Unicode char U+0148 (decimal 328)
   defining Unicode char U+014A (decimal 330)
   defining Unicode char U+014B (decimal 331)
   defining Unicode char U+0150 (decimal 336)
   defining Unicode char U+0151 (decimal 337)
   defining Unicode char U+0152 (decimal 338)
   defining Unicode char U+0153 (decimal 339)
   defining Unicode char U+0154 (decimal 340)
   defining Unicode char U+0155 (decimal 341)
   defining Unicode char U+0158 (decimal 344)
   defining Unicode char U+0159 (decimal 345)
   defining Unicode char U+015A (decimal 346)
   defining Unicode char U+015B (decimal 347)
   defining Unicode char U+015E (decimal 350)
   defining Unicode char U+015F (decimal 351)
   defining Unicode char U+0160 (decimal 352)
   defining Unicode char U+0161 (decimal 353)
   defining Unicode char U+0162 (decimal 354)
   defining Unicode char U+0163 (decimal 355)
   defining Unicode char U+0164 (decimal 356)
   defining Unicode char U+0165 (decimal 357)
   defining Unicode char U+016E (decimal 366)
   defining Unicode char U+016F (decimal 367)
   defining Unicode char U+0170 (decimal 368)
   defining Unicode char U+0171 (decimal 369)
   defining Unicode char U+0174 (decimal 372)
   defining Unicode char U+0175 (decimal 373)
   defining Unicode char U+0176 (decimal 374)
   defining Unicode char U+0177 (decimal 375)
   defining Unicode char U+0178 (decimal 376)
   defining Unicode char U+0179 (decimal 377)
   defining Unicode char U+017A (decimal 378)
   defining Unicode char U+017B (decimal 379)
   defining Unicode char U+017C (decimal 380)
   defining Unicode char U+017D (decimal 381)
   defining Unicode char U+017E (decimal 382)
   defining Unicode char U+0218 (decimal 536)
   defining Unicode char U+0219 (decimal 537)
   defining Unicode char U+021A (decimal 538)
   defining Unicode char U+021B (decimal 539)
   defining Unicode char U+200C (decimal 8204)
   defining Unicode char U+2013 (decimal 8211)
   defining Unicode char U+2014 (decimal 8212)
   defining Unicode char U+2018 (decimal 8216)
   defining Unicode char U+2019 (decimal 8217)
   defining Unicode char U+201A (decimal 8218)
   defining Unicode char U+201C (decimal 8220)
   defining Unicode char U+201D (decimal 8221)
   defining Unicode char U+201E (decimal 8222)
   defining Unicode char U+2030 (decimal 8240)
   defining Unicode char U+2031 (decimal 8241)
   defining Unicode char U+2039 (decimal 8249)
   defining Unicode char U+203A (decimal 8250)
   defining Unicode char U+2423 (decimal 9251)
)
Now handling font encoding OT1 ...
... processing UTF-8 mapping file for font encoding OT1

("C:\Users\LuisOlaya\AppData\Local\Programs\MiKTeX 2.9\tex\latex\base\ot1enc.df
u"
File: ot1enc.dfu 2015/09/07 v1.1p UTF-8 support for inputenc
   defining Unicode char U+00A0 (decimal 160)
   defining Unicode char U+00A1 (decimal 161)
   defining Unicode char U+00A3 (decimal 163)
   defining Unicode char U+00AD (decimal 173)
   defining Unicode char U+00B8 (decimal 184)
   defining Unicode char U+00BF (decimal 191)
   defining Unicode char U+00C5 (decimal 197)
   defining Unicode char U+00C6 (decimal 198)
   defining Unicode char U+00D8 (decimal 216)
   defining Unicode char U+00DF (decimal 223)
   defining Unicode char U+00E6 (decimal 230)
   defining Unicode char U+00EC (decimal 236)
   defining Unicode char U+00ED (decimal 237)
   defining Unicode char U+00EE (decimal 238)
   defining Unicode char U+00EF (decimal 239)
   defining Unicode char U+00F8 (decimal 248)
   defining Unicode char U+0131 (decimal 305)
   defining Unicode char U+0141 (decimal 321)
   defining Unicode char U+0142 (decimal 322)
   defining Unicode char U+0152 (decimal 338)
   defining Unicode char U+0153 (decimal 339)
   defining Unicode char U+0174 (decimal 372)
   defining Unicode char U+0175 (decimal 373)
   defining Unicode char U+0176 (decimal 374)
   defining Unicode char U+0177 (decimal 375)
   defining Unicode char U+0218 (decimal 536)
   defining Unicode char U+0219 (decimal 537)
   defining Unicode char U+021A (decimal 538)
   defining Unicode char U+021B (decimal 539)
   defining Unicode char U+2013 (decimal 8211)
   defining Unicode char U+2014 (decimal 8212)
   defining Unicode char U+2018 (decimal 8216)
   defining Unicode char U+2019 (decimal 8217)
   defining Unicode char U+201C (decimal 8220)
   defining Unicode char U+201D (decimal 8221)
)
Now handling font encoding OMS ...
... processing UTF-8 mapping file for font encoding OMS

("C:\Users\LuisOlaya\AppData\Local\Programs\MiKTeX 2.9\tex\latex\base\omsenc.df
u"
File: omsenc.dfu 2015/09/07 v1.1p UTF-8 support for inputenc
   defining Unicode char U+00A7 (decimal 167)
   defining Unicode char U+00B6 (decimal 182)
   defining Unicode char U+00B7 (decimal 183)
   defining Unicode char U+2020 (decimal 8224)
   defining Unicode char U+2021 (decimal 8225)
   defining Unicode char U+2022 (decimal 8226)
)
Now handling font encoding OMX ...
... no UTF-8 mapping file for font encoding OMX
Now handling font encoding U ...
... no UTF-8 mapping file for font encoding U
Now handling font encoding PD1 ...
... no UTF-8 mapping file for font encoding PD1
   defining Unicode char U+00A9 (decimal 169)
   defining Unicode char U+00AA (decimal 170)
   defining Unicode char U+00AE (decimal 174)
   defining Unicode char U+00BA (decimal 186)
   defining Unicode char U+02C6 (decimal 710)
   defining Unicode char U+02DC (decimal 732)
   defining Unicode char U+200C (decimal 8204)
   defining Unicode char U+2026 (decimal 8230)
   defining Unicode char U+2122 (decimal 8482)
   defining Unicode char U+2423 (decimal 9251)
))

Package hyperref Warning: Token not allowed in a PDF string (PDFDocEncoding):
(hyperref)                removing `\\' on input line 93.

(presentacion.aux
LaTeX Info: Redefining \. on input line 23.
LaTeX Info: Redefining \% on input line 23.
)
\openout1 = `presentacion.aux'.

LaTeX Font Info:    Checking defaults for OML/cmm/m/it on input line 101.
LaTeX Font Info:    ... okay on input line 101.
LaTeX Font Info:    Checking defaults for T1/cmr/m/n on input line 101.
LaTeX Font Info:    ... okay on input line 101.
LaTeX Font Info:    Checking defaults for OT1/cmr/m/n on input line 101.
LaTeX Font Info:    ... okay on input line 101.
LaTeX Font Info:    Checking defaults for OMS/cmsy/m/n on input line 101.
LaTeX Font Info:    ... okay on input line 101.
LaTeX Font Info:    Checking defaults for OMX/cmex/m/n on input line 101.
LaTeX Font Info:    ... okay on input line 101.
LaTeX Font Info:    Checking defaults for U/cmr/m/n on input line 101.
LaTeX Font Info:    ... okay on input line 101.
LaTeX Font Info:    Checking defaults for PD1/pdf/m/n on input line 101.
LaTeX Font Info:    ... okay on input line 101.

*geometry* driver: auto-detecting
*geometry* detected driver: pdftex
*geometry* verbose mode - [ preamble ] result:
* driver: pdftex
* paper: custom
* layout: <same size as paper>
* layoutoffset:(h,v)=(0.0pt,0.0pt)
* modes: includehead includefoot 
* h-part:(L,W,R)=(10.95003pt, 342.2953pt, 10.95003pt)
* v-part:(T,H,B)=(0.0pt, 273.14662pt, 0.0pt)
* \paperwidth=364.19536pt
* \paperheight=273.14662pt
* \textwidth=342.2953pt
* \textheight=244.6939pt
* \oddsidemargin=-61.31996pt
* \evensidemargin=-61.31996pt
* \topmargin=-72.26999pt
* \headheight=14.22636pt
* \headsep=0.0pt
* \topskip=11.0pt
* \footskip=14.22636pt
* \marginparwidth=4.0pt
* \marginparsep=10.0pt
* \columnsep=10.0pt
* \skip\footins=10.0pt plus 4.0pt minus 2.0pt
* \hoffset=0.0pt
* \voffset=0.0pt
* \mag=1000
* \@twocolumnfalse
* \@twosidefalse
* \@mparswitchfalse
* \@reversemarginfalse
* (1in=72.27pt=25.4mm, 1cm=28.453pt)


("C:\Users\LuisOlaya\AppData\Local\Programs\MiKTeX 2.9\tex\context\base\supp-pd
f.mkii"
[Loading MPS to PDF converter (version 2006.09.02).]
\scratchcounter=\count160
\scratchdimen=\dimen260
\scratchbox=\box53
\nofMPsegments=\count161
\nofMParguments=\count162
\everyMPshowfont=\toks46
\MPscratchCnt=\count163
\MPscratchDim=\dimen261
\MPnumerator=\count164
\makeMPintoPDFobject=\count165
\everyMPtoPDFconversion=\toks47
) ABD: EveryShipout initializing macros
\AtBeginShipoutBox=\box54
Package hyperref Info: Link coloring OFF on input line 101.

("C:\Users\LuisOlaya\AppData\Local\Programs\MiKTeX 2.9\tex\latex\hyperref\namer
ef.sty"
Package: nameref 2012/10/27 v2.43 Cross-referencing by name of section

("C:\Users\LuisOlaya\AppData\Local\Programs\MiKTeX 2.9\tex\generic\oberdiek\get
titlestring.sty"
Package: gettitlestring 2010/12/03 v1.4 Cleanup title references (HO)
)
\c@section@level=\count166
)
LaTeX Info: Redefining \ref on input line 101.
LaTeX Info: Redefining \pageref on input line 101.
LaTeX Info: Redefining \nameref on input line 101.
 (presentacion.out) (presentacion.out)
\@outlinefile=\write5
\openout5 = `presentacion.out'.

LaTeX Font Info:    Overwriting symbol font `operators' in version `normal'
(Font)                  OT1/cmr/m/n --> OT1/cmss/m/n on input line 101.
LaTeX Font Info:    Overwriting symbol font `operators' in version `bold'
(Font)                  OT1/cmr/bx/n --> OT1/cmss/bx/n on input line 101.
\symnumbers=\mathgroup6
\sympureletters=\mathgroup7
LaTeX Font Info:    Overwriting math alphabet `\mathrm' in version `normal'
(Font)                  OT1/cmss/m/n --> OT1/cmr/m/n on input line 101.
LaTeX Font Info:    Redeclaring math alphabet \mathbf on input line 101.
LaTeX Font Info:    Overwriting math alphabet `\mathbf' in version `normal'
(Font)                  OT1/cmr/bx/n --> OT1/cmss/bx/n on input line 101.
LaTeX Font Info:    Overwriting math alphabet `\mathbf' in version `bold'
(Font)                  OT1/cmr/bx/n --> OT1/cmss/bx/n on input line 101.
LaTeX Font Info:    Redeclaring math alphabet \mathsf on input line 101.
LaTeX Font Info:    Overwriting math alphabet `\mathsf' in version `normal'
(Font)                  OT1/cmss/m/n --> OT1/cmss/m/n on input line 101.
LaTeX Font Info:    Overwriting math alphabet `\mathsf' in version `bold'
(Font)                  OT1/cmss/bx/n --> OT1/cmss/m/n on input line 101.
LaTeX Font Info:    Redeclaring math alphabet \mathit on input line 101.
LaTeX Font Info:    Overwriting math alphabet `\mathit' in version `normal'
(Font)                  OT1/cmr/m/it --> OT1/cmss/m/it on input line 101.
LaTeX Font Info:    Overwriting math alphabet `\mathit' in version `bold'
(Font)                  OT1/cmr/bx/it --> OT1/cmss/m/it on input line 101.
LaTeX Font Info:    Redeclaring math alphabet \mathtt on input line 101.
LaTeX Font Info:    Overwriting math alphabet `\mathtt' in version `normal'
(Font)                  OT1/cmtt/m/n --> OT1/cmtt/m/n on input line 101.
LaTeX Font Info:    Overwriting math alphabet `\mathtt' in version `bold'
(Font)                  OT1/cmtt/m/n --> OT1/cmtt/m/n on input line 101.
LaTeX Font Info:    Overwriting symbol font `numbers' in version `bold'
(Font)                  OT1/cmss/m/n --> OT1/cmss/bx/n on input line 101.
LaTeX Font Info:    Overwriting symbol font `pureletters' in version `bold'
(Font)                  OT1/cmss/m/it --> OT1/cmss/bx/it on input line 101.
LaTeX Font Info:    Overwriting math alphabet `\mathrm' in version `bold'
(Font)                  OT1/cmss/bx/n --> OT1/cmr/bx/n on input line 101.
LaTeX Font Info:    Overwriting math alphabet `\mathbf' in version `bold'
(Font)                  OT1/cmss/bx/n --> OT1/cmss/bx/n on input line 101.
LaTeX Font Info:    Overwriting math alphabet `\mathsf' in version `bold'
(Font)                  OT1/cmss/m/n --> OT1/cmss/bx/n on input line 101.
LaTeX Font Info:    Overwriting math alphabet `\mathit' in version `bold'
(Font)                  OT1/cmss/m/it --> OT1/cmss/bx/it on input line 101.
LaTeX Font Info:    Overwriting math alphabet `\mathtt' in version `bold'
(Font)                  OT1/cmtt/m/n --> OT1/cmtt/bx/n on input line 101.
LaTeX Font Info:    Redeclaring symbol font `pureletters' on input line 101.
LaTeX Font Info:    Overwriting symbol font `pureletters' in version `normal'
(Font)                  OT1/cmss/m/it --> OT1/mathkerncmss/m/sl on input line 1
01.
LaTeX Font Info:    Overwriting symbol font `pureletters' in version `bold'
(Font)                  OT1/cmss/bx/it --> OT1/mathkerncmss/m/sl on input line 
101.
LaTeX Font Info:    Overwriting symbol font `pureletters' in version `bold'
(Font)                  OT1/mathkerncmss/m/sl --> OT1/mathkerncmss/bx/sl on inp
ut line 101.

("C:\Users\LuisOlaya\AppData\Local\Programs\MiKTeX 2.9\tex\latex\beamer\transla
tor\dicts\translator-basic-dictionary\translator-basic-dictionary-English.dict"
Dictionary: translator-basic-dictionary, Language: English 
)
("C:\Users\LuisOlaya\AppData\Local\Programs\MiKTeX 2.9\tex\latex\beamer\transla
tor\dicts\translator-bibliography-dictionary\translator-bibliography-dictionary
-English.dict"
Dictionary: translator-bibliography-dictionary, Language: English 
)
("C:\Users\LuisOlaya\AppData\Local\Programs\MiKTeX 2.9\tex\latex\beamer\transla
tor\dicts\translator-environment-dictionary\translator-environment-dictionary-E
nglish.dict"
Dictionary: translator-environment-dictionary, Language: English 
)
("C:\Users\LuisOlaya\AppData\Local\Programs\MiKTeX 2.9\tex\latex\beamer\transla
tor\dicts\translator-months-dictionary\translator-months-dictionary-English.dic
t"
Dictionary: translator-months-dictionary, Language: English 
)
("C:\Users\LuisOlaya\AppData\Local\Programs\MiKTeX 2.9\tex\latex\beamer\transla
tor\dicts\translator-numbers-dictionary\translator-numbers-dictionary-English.d
ict"
Dictionary: translator-numbers-dictionary, Language: English 
)
("C:\Users\LuisOlaya\AppData\Local\Programs\MiKTeX 2.9\tex\latex\beamer\transla
tor\dicts\translator-theorem-dictionary\translator-theorem-dictionary-English.d
ict"
Dictionary: translator-theorem-dictionary, Language: English 
) ABD: EverySelectfont initializing macros
LaTeX Info: Redefining \selectfont on input line 101.
LaTeX Info: Redefining \. on input line 101.
LaTeX Info: Redefining \% on input line 101.
 (presentacion.nav) [1

{C:/Users/LuisOlaya/AppData/Local/MiKTeX/2.9/pdftex/config/pdftex.map}] (presen
tacion.toc
LaTeX Info: Redefining \. on input line 1.
LaTeX Info: Redefining \% on input line 1.
) [2

] [3

]
LaTeX Font Info:    Try loading font information for U+msa on input line 157.

("C:\Users\LuisOlaya\AppData\Local\Programs\MiKTeX 2.9\tex\latex\amsfonts\umsa.
fd"
File: umsa.fd 2013/01/14 v3.01 AMS symbols A
)
LaTeX Font Info:    Try loading font information for U+msb on input line 157.

("C:\Users\LuisOlaya\AppData\Local\Programs\MiKTeX 2.9\tex\latex\amsfonts\umsb.
fd"
File: umsb.fd 2013/01/14 v3.01 AMS symbols B
)
LaTeX Font Info:    Try loading font information for OT1+mathkerncmss on input 
line 157.

("C:\Users\LuisOlaya\AppData\Local\Programs\MiKTeX 2.9\tex\latex\sansmathaccent
\ot1mathkerncmss.fd"
File: ot1mathkerncmss.fd 2013/03/27 Fontinst v1.933 font definitions for OT1/ma
thkerncmss.
) <net.JPG, id=130, 1013.28563pt x 356.83313pt>
File: net.JPG Graphic file (type jpg)

<use net.JPG>
Package pdftex.def Info: net.JPG used on input line 157.
(pdftex.def)             Requested size: 202.65353pt x 71.36536pt.

Overfull \hbox (65.7375pt too wide) in paragraph at lines 157--157
 [] 
 []

[4

 <./net.JPG>] [5

] [6

] [7

] [8

] [9

]
<partes_Netlogo.JPG, id=308, 368.1253pt x 291.33844pt>
File: partes_Netlogo.JPG Graphic file (type jpg)

<use partes_Netlogo.JPG>
Package pdftex.def Info: partes_Netlogo.JPG used on input line 252.
(pdftex.def)             Requested size: 257.68596pt x 203.93552pt.
 [10

 <./partes_Netlogo.JPG>]
\openout4 = `presentacion.vrb'.

 (presentacion.vrb)
[11

] [12

]
\tf@nav=\write6
\openout6 = `presentacion.nav'.

\tf@toc=\write7
\openout7 = `presentacion.toc'.

\tf@snm=\write8
\openout8 = `presentacion.snm'.

Package atveryend Info: Empty hook `BeforeClearDocument' on input line 295.
Package atveryend Info: Empty hook `AfterLastShipout' on input line 295.
 (presentacion.aux
LaTeX Info: Redefining \. on input line 23.
LaTeX Info: Redefining \% on input line 23.
)
Package atveryend Info: Executing hook `AtVeryEndDocument' on input line 295.
Package atveryend Info: Executing hook `AtEndAfterFileList' on input line 295.
Package rerunfilecheck Info: File `presentacion.out' has not changed.
(rerunfilecheck)             Checksum: 5DBC05E229C6D2A8CB1A6484BDF5301B;291.
 ) 
Here is how much of TeX's memory you used:
 18120 strings out of 493634
 348267 string characters out of 3133607
 420151 words of memory out of 3000000
 21039 multiletter control sequences out of 15000+200000
 10390 words of font info for 38 fonts, out of 3000000 for 9000
 1025 hyphenation exceptions out of 8191
 56i,16n,62p,781b,814s stack positions out of 5000i,500n,10000p,200000b,50000s
<C:/Users/LuisOlaya/AppData/Local/Programs/MiKTeX 2.9/fonts/type1/public/amsf
onts/cm/cmss10.pfb><C:/Users/LuisOlaya/AppData/Local/Programs/MiKTeX 2.9/fonts/
type1/public/amsfonts/cm/cmss12.pfb><C:/Users/LuisOlaya/AppData/Local/Programs/
MiKTeX 2.9/fonts/type1/public/amsfonts/cm/cmss8.pfb>
Output written on presentacion.pdf (12 pages, 240080 bytes).
PDF statistics:
 411 PDF objects out of 1000 (max. 8388607)
 32 named destinations out of 1000 (max. 500000)
 129 words of extra memory for PDF output out of 10000 (max. 10000000)

